[ 2016-03-10T09:15:04+08:00 ] ::1 /sae/
INFO: [ app_init ] --START--
INFO: Run Behavior\BuildLiteBehavior [ RunTime:0.000000s ]
INFO: [ app_init ] --END-- [ RunTime:0.000000s ]
INFO: [ app_begin ] --START--
INFO: Run Behavior\ReadHtmlCacheBehavior [ RunTime:0.000000s ]
INFO: [ app_begin ] --END-- [ RunTime:0.000000s ]
INFO: [ view_parse ] --START--
INFO: [ template_filter ] --START--
INFO: Run Behavior\ContentReplaceBehavior [ RunTime:0.000000s ]
INFO: [ template_filter ] --END-- [ RunTime:0.000000s ]
INFO: Run Behavior\ParseTemplateBehavior [ RunTime:0.010000s ]
INFO: [ view_parse ] --END-- [ RunTime:0.010000s ]
INFO: [ view_filter ] --START--
INFO: Run Behavior\WriteHtmlCacheBehavior [ RunTime:0.000000s ]
INFO: [ view_filter ] --END-- [ RunTime:0.000000s ]
INFO: [ app_end ] --START--
INFO: Run Behavior\ShowPageTraceBehavior [ RunTime:0.000000s ]
INFO: [ app_end ] --END-- [ RunTime:0.000000s ]

[ 2016-03-10T09:17:54+08:00 ] ::1 /sae/index.php/Home/Wechat/index
ERR: 无法加载控制器:Wechat

[ 2016-03-10T09:18:13+08:00 ] ::1 /sae/index.php/Home/Wechat/index
INFO: [ app_init ] --START--
INFO: Run Behavior\BuildLiteBehavior [ RunTime:0.000000s ]
INFO: [ app_init ] --END-- [ RunTime:0.000000s ]
INFO: [ app_begin ] --START--
INFO: Run Behavior\ReadHtmlCacheBehavior [ RunTime:0.000000s ]
INFO: [ app_begin ] --END-- [ RunTime:0.000000s ]
ERR: 无法加载控制器:Wechat

[ 2016-03-10T09:19:12+08:00 ] ::1 /sae/index.php/Home/Wechat/index
INFO: [ app_init ] --START--
INFO: Run Behavior\BuildLiteBehavior [ RunTime:0.000000s ]
INFO: [ app_init ] --END-- [ RunTime:0.000000s ]
INFO: [ app_begin ] --START--
INFO: Run Behavior\ReadHtmlCacheBehavior [ RunTime:0.000000s ]
INFO: [ app_begin ] --END-- [ RunTime:0.000000s ]
INFO: [ app_end ] --START--
INFO: Run Behavior\ShowPageTraceBehavior [ RunTime:0.000000s ]
INFO: [ app_end ] --END-- [ RunTime:0.000000s ]

[ 2016-03-10T09:22:07+08:00 ] ::1 /sae/index.php/Home/Wechat/index
INFO: [ app_init ] --START--
INFO: Run Behavior\BuildLiteBehavior [ RunTime:0.000000s ]
INFO: [ app_init ] --END-- [ RunTime:0.000000s ]
INFO: [ app_begin ] --START--
INFO: Run Behavior\ReadHtmlCacheBehavior [ RunTime:0.000000s ]
INFO: [ app_begin ] --END-- [ RunTime:0.000000s ]

[ 2016-03-10T09:24:33+08:00 ] ::1 /sae/index.php/Home/Wechat/index
INFO: [ app_init ] --START--
INFO: Run Behavior\BuildLiteBehavior [ RunTime:0.000000s ]
INFO: [ app_init ] --END-- [ RunTime:0.000000s ]
INFO: [ app_begin ] --START--
INFO: Run Behavior\ReadHtmlCacheBehavior [ RunTime:0.000000s ]
INFO: [ app_begin ] --END-- [ RunTime:0.000000s ]

[ 2016-03-10T09:25:26+08:00 ] ::1 /sae/index.php/Home/Wechat/index
INFO: [ app_init ] --START--
INFO: Run Behavior\BuildLiteBehavior [ RunTime:0.000000s ]
INFO: [ app_init ] --END-- [ RunTime:0.000000s ]
INFO: [ app_begin ] --START--
INFO: Run Behavior\ReadHtmlCacheBehavior [ RunTime:0.000000s ]
INFO: [ app_begin ] --END-- [ RunTime:0.010000s ]
INFO: [ app_end ] --START--
INFO: Run Behavior\ShowPageTraceBehavior [ RunTime:0.000000s ]
INFO: [ app_end ] --END-- [ RunTime:0.000000s ]

[ 2016-03-10T09:25:53+08:00 ] ::1 /sae/index.php/Home/Wechat/index
INFO: [ app_init ] --START--
INFO: Run Behavior\BuildLiteBehavior [ RunTime:0.000000s ]
INFO: [ app_init ] --END-- [ RunTime:0.000000s ]
INFO: [ app_begin ] --START--
INFO: Run Behavior\ReadHtmlCacheBehavior [ RunTime:0.000000s ]
INFO: [ app_begin ] --END-- [ RunTime:0.000000s ]
INFO: [ app_end ] --START--
INFO: Run Behavior\ShowPageTraceBehavior [ RunTime:0.000000s ]
INFO: [ app_end ] --END-- [ RunTime:0.000000s ]

[ 2016-03-10T09:25:54+08:00 ] ::1 /sae/index.php/Home/Wechat/index
INFO: [ app_init ] --START--
INFO: Run Behavior\BuildLiteBehavior [ RunTime:0.000000s ]
INFO: [ app_init ] --END-- [ RunTime:0.000000s ]
INFO: [ app_begin ] --START--
INFO: Run Behavior\ReadHtmlCacheBehavior [ RunTime:0.010000s ]
INFO: [ app_begin ] --END-- [ RunTime:0.010000s ]
INFO: [ app_end ] --START--
INFO: Run Behavior\ShowPageTraceBehavior [ RunTime:0.000000s ]
INFO: [ app_end ] --END-- [ RunTime:0.000000s ]

[ 2016-03-10T09:28:08+08:00 ] ::1 /sae/index.php/Home/Wechat/index
INFO: [ app_init ] --START--
INFO: Run Behavior\BuildLiteBehavior [ RunTime:0.000000s ]
INFO: [ app_init ] --END-- [ RunTime:0.000000s ]
INFO: [ app_begin ] --START--
INFO: Run Behavior\ReadHtmlCacheBehavior [ RunTime:0.001000s ]
INFO: [ app_begin ] --END-- [ RunTime:0.001000s ]

[ 2016-03-10T09:28:17+08:00 ] ::1 /sae/index.php/Home/Wechat/index
INFO: [ app_init ] --START--
INFO: Run Behavior\BuildLiteBehavior [ RunTime:0.000000s ]
INFO: [ app_init ] --END-- [ RunTime:0.000000s ]
INFO: [ app_begin ] --START--
INFO: Run Behavior\ReadHtmlCacheBehavior [ RunTime:0.000000s ]
INFO: [ app_begin ] --END-- [ RunTime:0.000000s ]
INFO: [ app_end ] --START--
INFO: Run Behavior\ShowPageTraceBehavior [ RunTime:0.000000s ]
INFO: [ app_end ] --END-- [ RunTime:0.000000s ]

[ 2016-03-10T09:29:43+08:00 ] ::1 /sae/index.php/Home/Wechat/index
INFO: [ app_init ] --START--
INFO: Run Behavior\BuildLiteBehavior [ RunTime:0.000000s ]
INFO: [ app_init ] --END-- [ RunTime:0.000000s ]
INFO: [ app_begin ] --START--
INFO: Run Behavior\ReadHtmlCacheBehavior [ RunTime:0.000000s ]
INFO: [ app_begin ] --END-- [ RunTime:0.000000s ]
NOTIC: [2] Missing argument 1 for Wechat\Wechat::__construct(), called in E:\PhpstormProjects\sae\Home\Controller\WechatController.class.php on line 17 and defined E:\PhpstormProjects\ThinkPHP\Library\Wechat\Wechat.class.php 第 14 行.
NOTIC: [8] Undefined variable: token E:\PhpstormProjects\ThinkPHP\Library\Wechat\Wechat.class.php 第 16 行.

[ 2016-03-10T09:30:47+08:00 ] ::1 /sae/index.php/Home/Wechat/index
INFO: [ app_init ] --START--
INFO: Run Behavior\BuildLiteBehavior [ RunTime:0.000000s ]
INFO: [ app_init ] --END-- [ RunTime:0.000000s ]
INFO: [ app_begin ] --START--
INFO: Run Behavior\ReadHtmlCacheBehavior [ RunTime:0.000000s ]
INFO: [ app_begin ] --END-- [ RunTime:0.000000s ]
NOTIC: [8] Undefined index: echostr E:\PhpstormProjects\ThinkPHP\Library\Wechat\Wechat.class.php 第 43 行.
NOTIC: [8] Undefined index: signature E:\PhpstormProjects\ThinkPHP\Library\Wechat\Wechat.class.php 第 181 行.
NOTIC: [8] Undefined index: timestamp E:\PhpstormProjects\ThinkPHP\Library\Wechat\Wechat.class.php 第 182 行.
NOTIC: [8] Undefined index: nonce E:\PhpstormProjects\ThinkPHP\Library\Wechat\Wechat.class.php 第 183 行.
NOTIC: [8] Use of undefined constant TOKEN - assumed 'TOKEN' E:\PhpstormProjects\ThinkPHP\Library\Wechat\Wechat.class.php 第 185 行.
INFO: [ app_end ] --START--
INFO: Run Behavior\ShowPageTraceBehavior [ RunTime:0.000000s ]
INFO: [ app_end ] --END-- [ RunTime:0.000000s ]

[ 2016-03-10T09:31:51+08:00 ] ::1 /sae/index.php/Home/Wechat/index
INFO: [ app_init ] --START--
INFO: Run Behavior\BuildLiteBehavior [ RunTime:0.000000s ]
INFO: [ app_init ] --END-- [ RunTime:0.000000s ]
INFO: [ app_begin ] --START--
INFO: Run Behavior\ReadHtmlCacheBehavior [ RunTime:0.000000s ]
INFO: [ app_begin ] --END-- [ RunTime:0.000000s ]
INFO: [ app_end ] --START--
INFO: Run Behavior\ShowPageTraceBehavior [ RunTime:0.010000s ]
INFO: [ app_end ] --END-- [ RunTime:0.010000s ]

[ 2016-03-10T09:33:48+08:00 ] 10.10.24.237 /sae/
INFO: [ app_init ] --START--
INFO: Run Behavior\BuildLiteBehavior [ RunTime:0.000000s ]
INFO: [ app_init ] --END-- [ RunTime:0.000000s ]
INFO: [ app_begin ] --START--
INFO: Run Behavior\ReadHtmlCacheBehavior [ RunTime:0.010000s ]
INFO: [ app_begin ] --END-- [ RunTime:0.010000s ]
INFO: [ view_parse ] --START--
INFO: Run Behavior\ParseTemplateBehavior [ RunTime:0.000000s ]
INFO: [ view_parse ] --END-- [ RunTime:0.000000s ]
INFO: [ view_filter ] --START--
INFO: Run Behavior\WriteHtmlCacheBehavior [ RunTime:0.000000s ]
INFO: [ view_filter ] --END-- [ RunTime:0.000000s ]
INFO: [ app_end ] --START--
INFO: Run Behavior\ShowPageTraceBehavior [ RunTime:0.000000s ]
INFO: [ app_end ] --END-- [ RunTime:0.000000s ]

[ 2016-03-10T09:36:56+08:00 ] 10.10.24.237 /sae/index.php/Home/Wechat/index?signature=571f537b0bc2db8f445f46617e4fe22fb21ff637&echostr=1916991030454968297&timestamp=1457573857&nonce=1233085991
INFO: [ app_init ] --START--
INFO: Run Behavior\BuildLiteBehavior [ RunTime:0.000000s ]
INFO: [ app_init ] --END-- [ RunTime:0.000000s ]
INFO: [ app_begin ] --START--
INFO: Run Behavior\ReadHtmlCacheBehavior [ RunTime:0.000000s ]
INFO: [ app_begin ] --END-- [ RunTime:0.000000s ]
NOTIC: [8] Use of undefined constant TOKEN - assumed 'TOKEN' E:\PhpstormProjects\ThinkPHP\Library\Wechat\Wechat.class.php 第 185 行.
INFO: [ app_end ] --START--
INFO: Run Behavior\ShowPageTraceBehavior [ RunTime:0.010000s ]
INFO: [ app_end ] --END-- [ RunTime:0.010000s ]

[ 2016-03-10T09:38:13+08:00 ] ::1 /sae/index.php/Home/Wechat/index??signature=c1c077e692368784692a72d10052fe7061c587f5&echostr=2727166259281186717&timestamp=1457573781&nonce=1364732785
INFO: [ app_init ] --START--
INFO: Run Behavior\BuildLiteBehavior [ RunTime:0.000000s ]
INFO: [ app_init ] --END-- [ RunTime:0.000000s ]
INFO: [ app_begin ] --START--
INFO: Run Behavior\ReadHtmlCacheBehavior [ RunTime:0.000000s ]
INFO: [ app_begin ] --END-- [ RunTime:0.000000s ]
NOTIC: [8] Undefined index: signature E:\PhpstormProjects\ThinkPHP\Library\Wechat\Wechat.class.php 第 182 行.
NOTIC: [8] Use of undefined constant TOKEN - assumed 'TOKEN' E:\PhpstormProjects\ThinkPHP\Library\Wechat\Wechat.class.php 第 186 行.
INFO: [ app_end ] --START--
INFO: Run Behavior\ShowPageTraceBehavior [ RunTime:0.000000s ]
INFO: [ app_end ] --END-- [ RunTime:0.000000s ]

[ 2016-03-10T09:38:24+08:00 ] ::1 /sae/index.php/Home/Wechat/index?signature=c1c077e692368784692a72d10052fe7061c587f5&echostr=2727166259281186717&timestamp=1457573781&nonce=1364732785
INFO: [ app_init ] --START--
INFO: Run Behavior\BuildLiteBehavior [ RunTime:0.000000s ]
INFO: [ app_init ] --END-- [ RunTime:0.000000s ]
INFO: [ app_begin ] --START--
INFO: Run Behavior\ReadHtmlCacheBehavior [ RunTime:0.000000s ]
INFO: [ app_begin ] --END-- [ RunTime:0.000000s ]
NOTIC: [8] Use of undefined constant TOKEN - assumed 'TOKEN' E:\PhpstormProjects\ThinkPHP\Library\Wechat\Wechat.class.php 第 186 行.
INFO: [ app_end ] --START--
INFO: Run Behavior\ShowPageTraceBehavior [ RunTime:0.010000s ]
INFO: [ app_end ] --END-- [ RunTime:0.010000s ]

[ 2016-03-10T09:39:35+08:00 ] ::1 /sae/index.php/Home/Wechat/index?signature=c1c077e692368784692a72d10052fe7061c587f5&echostr=2727166259281186717&timestamp=1457573781&nonce=1364732785
INFO: [ app_init ] --START--
INFO: Run Behavior\BuildLiteBehavior [ RunTime:0.000000s ]
INFO: [ app_init ] --END-- [ RunTime:0.000000s ]
INFO: [ app_begin ] --START--
INFO: Run Behavior\ReadHtmlCacheBehavior [ RunTime:0.000000s ]
INFO: [ app_begin ] --END-- [ RunTime:0.000000s ]
NOTIC: [8] Use of undefined constant TOKEN - assumed 'TOKEN' E:\PhpstormProjects\ThinkPHP\Library\Wechat\Wechat.class.php 第 186 行.
INFO: [ app_end ] --START--
INFO: Run Behavior\ShowPageTraceBehavior [ RunTime:0.000000s ]
INFO: [ app_end ] --END-- [ RunTime:0.000000s ]

[ 2016-03-10T09:40:28+08:00 ] ::1 /sae/index.php/Home/Wechat/index?signature=c1c077e692368784692a72d10052fe7061c587f5&echostr=2727166259281186717&timestamp=1457573781&nonce=1364732785
INFO: [ app_init ] --START--
INFO: Run Behavior\BuildLiteBehavior [ RunTime:0.000000s ]
INFO: [ app_init ] --END-- [ RunTime:0.000000s ]
INFO: [ app_begin ] --START--
INFO: Run Behavior\ReadHtmlCacheBehavior [ RunTime:0.000000s ]
INFO: [ app_begin ] --END-- [ RunTime:0.000000s ]

[ 2016-03-10T09:42:01+08:00 ] ::1 /sae/index.php/Home/Wechat/index?signature=c1c077e692368784692a72d10052fe7061c587f5&echostr=2727166259281186717&timestamp=1457573781&nonce=1364732785
INFO: [ app_init ] --START--
INFO: Run Behavior\BuildLiteBehavior [ RunTime:0.000000s ]
INFO: [ app_init ] --END-- [ RunTime:0.000000s ]
INFO: [ app_begin ] --START--
INFO: Run Behavior\ReadHtmlCacheBehavior [ RunTime:0.000000s ]
INFO: [ app_begin ] --END-- [ RunTime:0.000000s ]

[ 2016-03-10T09:42:36+08:00 ] 10.10.24.237 /sae/index.php/Home/Wechat/index?signature=a1b95b502b040708a0fc39e7d24bc1676f5490c3&echostr=4575715995334603255&timestamp=1457574196&nonce=1075041304
INFO: [ app_init ] --START--
INFO: Run Behavior\BuildLiteBehavior [ RunTime:0.000000s ]
INFO: [ app_init ] --END-- [ RunTime:0.000000s ]
INFO: [ app_begin ] --START--
INFO: Run Behavior\ReadHtmlCacheBehavior [ RunTime:0.000000s ]
INFO: [ app_begin ] --END-- [ RunTime:0.000000s ]

[ 2016-03-10T09:51:36+08:00 ] 10.10.24.237 /sae/index.php/Home/Wechat/index?signature=be874b86a8693200eaf001816e86b5ecdbdd9986&timestamp=1457574731&nonce=2122526268
INFO: [ app_init ] --START--
INFO: Run Behavior\BuildLiteBehavior [ RunTime:0.000000s ]
INFO: [ app_init ] --END-- [ RunTime:0.000000s ]
INFO: [ app_begin ] --START--
INFO: Run Behavior\ReadHtmlCacheBehavior [ RunTime:0.000000s ]
INFO: [ app_begin ] --END-- [ RunTime:0.000000s ]
NOTIC: [8] Undefined index: echostr E:\PhpstormProjects\ThinkPHP\Library\Wechat\Wechat.class.php 第 44 行.

[ 2016-03-10T09:51:36+08:00 ] 10.10.24.237 /sae/index.php/Home/Wechat/index?signature=ff896a0a2d8f2b9a2951056743dad8c3db27354a&timestamp=1457574735&nonce=487504583
INFO: [ app_init ] --START--
INFO: Run Behavior\BuildLiteBehavior [ RunTime:0.000000s ]
INFO: [ app_init ] --END-- [ RunTime:0.000000s ]
INFO: [ app_begin ] --START--
INFO: Run Behavior\ReadHtmlCacheBehavior [ RunTime:0.000000s ]
INFO: [ app_begin ] --END-- [ RunTime:0.000000s ]
NOTIC: [8] Undefined index: echostr E:\PhpstormProjects\ThinkPHP\Library\Wechat\Wechat.class.php 第 44 行.

[ 2016-03-10T09:51:37+08:00 ] 10.10.24.237 /sae/index.php/Home/Wechat/index?signature=2769740e4ae2e2d4e97204162cefef3380d283e2&timestamp=1457574737&nonce=1487301334
INFO: [ app_init ] --START--
INFO: Run Behavior\BuildLiteBehavior [ RunTime:0.000000s ]
INFO: [ app_init ] --END-- [ RunTime:0.000000s ]
INFO: [ app_begin ] --START--
INFO: Run Behavior\ReadHtmlCacheBehavior [ RunTime:0.000000s ]
INFO: [ app_begin ] --END-- [ RunTime:0.000000s ]
NOTIC: [8] Undefined index: echostr E:\PhpstormProjects\ThinkPHP\Library\Wechat\Wechat.class.php 第 44 行.

[ 2016-03-10T09:51:43+08:00 ] 10.10.24.237 /sae/index.php/Home/Wechat/index?signature=c2a8a0206e5af44cea33882706b67d60be0febce&timestamp=1457574743&nonce=1525830363
INFO: [ app_init ] --START--
INFO: Run Behavior\BuildLiteBehavior [ RunTime:0.000000s ]
INFO: [ app_init ] --END-- [ RunTime:0.010000s ]
INFO: [ app_begin ] --START--
INFO: Run Behavior\ReadHtmlCacheBehavior [ RunTime:0.000000s ]
INFO: [ app_begin ] --END-- [ RunTime:0.000000s ]
NOTIC: [8] Undefined index: echostr E:\PhpstormProjects\ThinkPHP\Library\Wechat\Wechat.class.php 第 44 行.

[ 2016-03-10T09:51:49+08:00 ] 10.10.24.237 /sae/index.php/Home/Wechat/index?signature=2b982b32d7a2266dafae73a179fc50c07ae2babe&timestamp=1457574749&nonce=504797391
INFO: [ app_init ] --START--
INFO: Run Behavior\BuildLiteBehavior [ RunTime:0.000000s ]
INFO: [ app_init ] --END-- [ RunTime:0.000000s ]
INFO: [ app_begin ] --START--
INFO: Run Behavior\ReadHtmlCacheBehavior [ RunTime:0.000000s ]
INFO: [ app_begin ] --END-- [ RunTime:0.000000s ]
NOTIC: [8] Undefined index: echostr E:\PhpstormProjects\ThinkPHP\Library\Wechat\Wechat.class.php 第 44 行.

[ 2016-03-10T09:51:55+08:00 ] 10.10.24.237 /sae/index.php/Home/Wechat/index?signature=e000dc7e2535739ce61e9e6160f990177089245f&timestamp=1457574755&nonce=1121715074
INFO: [ app_init ] --START--
INFO: Run Behavior\BuildLiteBehavior [ RunTime:0.000000s ]
INFO: [ app_init ] --END-- [ RunTime:0.000000s ]
INFO: [ app_begin ] --START--
INFO: Run Behavior\ReadHtmlCacheBehavior [ RunTime:0.000000s ]
INFO: [ app_begin ] --END-- [ RunTime:0.000000s ]
NOTIC: [8] Undefined index: echostr E:\PhpstormProjects\ThinkPHP\Library\Wechat\Wechat.class.php 第 44 行.

[ 2016-03-10T09:52:01+08:00 ] 10.10.24.237 /sae/index.php/Home/Wechat/index?signature=849aa2e325fd2be2aa1cda86ffa446306d3514ab&timestamp=1457574761&nonce=1166945166
INFO: [ app_init ] --START--
INFO: Run Behavior\BuildLiteBehavior [ RunTime:0.000000s ]
INFO: [ app_init ] --END-- [ RunTime:0.000000s ]
INFO: [ app_begin ] --START--
INFO: Run Behavior\ReadHtmlCacheBehavior [ RunTime:0.000000s ]
INFO: [ app_begin ] --END-- [ RunTime:0.000000s ]
NOTIC: [8] Undefined index: echostr E:\PhpstormProjects\ThinkPHP\Library\Wechat\Wechat.class.php 第 44 行.

[ 2016-03-10T09:52:07+08:00 ] 10.10.24.237 /sae/index.php/Home/Wechat/index?signature=ee5157b153feb33f9e841ba85ae1aa27cbe5a16a&timestamp=1457574767&nonce=1730591219
INFO: [ app_init ] --START--
INFO: Run Behavior\BuildLiteBehavior [ RunTime:0.000000s ]
INFO: [ app_init ] --END-- [ RunTime:0.000000s ]
INFO: [ app_begin ] --START--
INFO: Run Behavior\ReadHtmlCacheBehavior [ RunTime:0.000000s ]
INFO: [ app_begin ] --END-- [ RunTime:0.000000s ]
NOTIC: [8] Undefined index: echostr E:\PhpstormProjects\ThinkPHP\Library\Wechat\Wechat.class.php 第 44 行.

[ 2016-03-10T09:52:21+08:00 ] 10.10.24.237 /sae/index.php/Home/Wechat/index?signature=2f7fbabb5a08d345c2a3bacdeb50bf58f223f5bf&timestamp=1457574774&nonce=1592868979
INFO: [ app_init ] --START--
INFO: Run Behavior\BuildLiteBehavior [ RunTime:0.000000s ]
INFO: [ app_init ] --END-- [ RunTime:0.000000s ]
INFO: [ app_begin ] --START--
INFO: Run Behavior\ReadHtmlCacheBehavior [ RunTime:0.000000s ]
INFO: [ app_begin ] --END-- [ RunTime:0.000000s ]
NOTIC: [8] Undefined index: echostr E:\PhpstormProjects\ThinkPHP\Library\Wechat\Wechat.class.php 第 44 行.

[ 2016-03-10T09:52:21+08:00 ] 10.10.24.237 /sae/index.php/Home/Wechat/index?signature=2f7fbabb5a08d345c2a3bacdeb50bf58f223f5bf&timestamp=1457574774&nonce=1592868979
INFO: [ app_init ] --START--
INFO: Run Behavior\BuildLiteBehavior [ RunTime:0.000000s ]
INFO: [ app_init ] --END-- [ RunTime:0.000000s ]
INFO: [ app_begin ] --START--
INFO: Run Behavior\ReadHtmlCacheBehavior [ RunTime:0.000000s ]
INFO: [ app_begin ] --END-- [ RunTime:0.000000s ]
NOTIC: [8] Undefined index: echostr E:\PhpstormProjects\ThinkPHP\Library\Wechat\Wechat.class.php 第 44 行.

[ 2016-03-10T09:52:21+08:00 ] 10.10.24.237 /sae/index.php/Home/Wechat/index?signature=c80d126e607abee614242a9ac66c4a4a1e89b95a&timestamp=1457574779&nonce=733902193
INFO: [ app_init ] --START--
INFO: Run Behavior\BuildLiteBehavior [ RunTime:0.000000s ]
INFO: [ app_init ] --END-- [ RunTime:0.000000s ]
INFO: [ app_begin ] --START--
INFO: Run Behavior\ReadHtmlCacheBehavior [ RunTime:0.000000s ]
INFO: [ app_begin ] --END-- [ RunTime:0.000000s ]
NOTIC: [8] Undefined index: echostr E:\PhpstormProjects\ThinkPHP\Library\Wechat\Wechat.class.php 第 44 行.

[ 2016-03-10T09:52:25+08:00 ] 10.10.24.237 /sae/index.php/Home/Wechat/index?signature=31291fd3c1f6c1001515006e2f04e439cca50dd1&timestamp=1457574785&nonce=2051457083
INFO: [ app_init ] --START--
INFO: Run Behavior\BuildLiteBehavior [ RunTime:0.000000s ]
INFO: [ app_init ] --END-- [ RunTime:0.000000s ]
INFO: [ app_begin ] --START--
INFO: Run Behavior\ReadHtmlCacheBehavior [ RunTime:0.000000s ]
INFO: [ app_begin ] --END-- [ RunTime:0.000000s ]
NOTIC: [8] Undefined index: echostr E:\PhpstormProjects\ThinkPHP\Library\Wechat\Wechat.class.php 第 44 行.

[ 2016-03-10T09:52:31+08:00 ] 10.10.24.237 /sae/index.php/Home/Wechat/index?signature=4669f9c1117559d6d543d2d2f17a944cb5e9477d&timestamp=1457574791&nonce=1878305894
INFO: [ app_init ] --START--
INFO: Run Behavior\BuildLiteBehavior [ RunTime:0.000000s ]
INFO: [ app_init ] --END-- [ RunTime:0.000000s ]
INFO: [ app_begin ] --START--
INFO: Run Behavior\ReadHtmlCacheBehavior [ RunTime:0.000000s ]
INFO: [ app_begin ] --END-- [ RunTime:0.000000s ]
NOTIC: [8] Undefined index: echostr E:\PhpstormProjects\ThinkPHP\Library\Wechat\Wechat.class.php 第 44 行.

[ 2016-03-10T09:53:29+08:00 ] 10.10.24.237 /sae/index.php/Home/Wechat/index?signature=35ff24726e4d97819b0fb065bf3cfa30ec7fca63&timestamp=1457574849&nonce=1482791835
INFO: [ app_init ] --START--
INFO: Run Behavior\BuildLiteBehavior [ RunTime:0.000000s ]
INFO: [ app_init ] --END-- [ RunTime:0.000000s ]
INFO: [ app_begin ] --START--
INFO: Run Behavior\ReadHtmlCacheBehavior [ RunTime:0.000000s ]
INFO: [ app_begin ] --END-- [ RunTime:0.000000s ]
NOTIC: [8] Undefined index: echostr E:\PhpstormProjects\ThinkPHP\Library\Wechat\Wechat.class.php 第 44 行.

[ 2016-03-10T09:54:39+08:00 ] ::1 /sae/index.php/Home/Wechat/index?signature=c1c077e692368784692a72d10052fe7061c587f5&echostr=2727166259281186717&timestamp=1457573781&nonce=1364732785
INFO: [ app_init ] --START--
INFO: Run Behavior\BuildLiteBehavior [ RunTime:0.000000s ]
INFO: [ app_init ] --END-- [ RunTime:0.000000s ]
INFO: [ app_begin ] --START--
INFO: Run Behavior\ReadHtmlCacheBehavior [ RunTime:0.000000s ]
INFO: [ app_begin ] --END-- [ RunTime:0.000000s ]

[ 2016-03-10T09:54:48+08:00 ] ::1 /sae/index.php/Home/Wechat/index?signature=c1c0
INFO: [ app_init ] --START--
INFO: Run Behavior\BuildLiteBehavior [ RunTime:0.000000s ]
INFO: [ app_init ] --END-- [ RunTime:0.000000s ]
INFO: [ app_begin ] --START--
INFO: Run Behavior\ReadHtmlCacheBehavior [ RunTime:0.000000s ]
INFO: [ app_begin ] --END-- [ RunTime:0.000000s ]
NOTIC: [8] Undefined index: HTTP_RAW_POST_DATA E:\PhpstormProjects\sae\Home\Controller\WechatController.class.php 第 22 行.
INFO: [ app_end ] --START--
INFO: Run Behavior\ShowPageTraceBehavior [ RunTime:0.000000s ]
INFO: [ app_end ] --END-- [ RunTime:0.000000s ]

[ 2016-03-10T09:55:02+08:00 ] ::1 /sae/index.php/Home/Wechat/index?signature=c1c0
INFO: [ app_init ] --START--
INFO: Run Behavior\BuildLiteBehavior [ RunTime:0.000000s ]
INFO: [ app_init ] --END-- [ RunTime:0.000000s ]
INFO: [ app_begin ] --START--
INFO: Run Behavior\ReadHtmlCacheBehavior [ RunTime:0.000000s ]
INFO: [ app_begin ] --END-- [ RunTime:0.000000s ]
NOTIC: [8] Undefined index: HTTP_RAW_POST_DATA E:\PhpstormProjects\sae\Home\Controller\WechatController.class.php 第 23 行.
INFO: [ app_end ] --START--
INFO: Run Behavior\ShowPageTraceBehavior [ RunTime:0.000000s ]
INFO: [ app_end ] --END-- [ RunTime:0.000000s ]

[ 2016-03-10T09:56:10+08:00 ] 10.10.24.237 /sae/index.php/Home/Wechat/index?signature=681ff8d8ffc0805a816a4436e16b56ea8d6adfb7&timestamp=1457575010&nonce=863421631
INFO: [ app_init ] --START--
INFO: Run Behavior\BuildLiteBehavior [ RunTime:0.000000s ]
INFO: [ app_init ] --END-- [ RunTime:0.000000s ]
INFO: [ app_begin ] --START--
INFO: Run Behavior\ReadHtmlCacheBehavior [ RunTime:0.000000s ]
INFO: [ app_begin ] --END-- [ RunTime:0.000000s ]
INFO: [ app_end ] --START--
INFO: Run Behavior\ShowPageTraceBehavior [ RunTime:0.000000s ]
INFO: [ app_end ] --END-- [ RunTime:0.000000s ]

[ 2016-03-10T10:04:34+08:00 ] ::1 /sae/index.php/Home/Wechat/index?signature=c1c0
INFO: [ app_init ] --START--
INFO: Run Behavior\BuildLiteBehavior [ RunTime:0.000000s ]
INFO: [ app_init ] --END-- [ RunTime:0.000000s ]
INFO: [ app_begin ] --START--
INFO: Run Behavior\ReadHtmlCacheBehavior [ RunTime:0.000000s ]
INFO: [ app_begin ] --END-- [ RunTime:0.000000s ]
NOTIC: [8] Undefined index: HTTP_RAW_POST_DATA E:\PhpstormProjects\sae\Home\Controller\WechatController.class.php 第 23 行.
INFO: [ app_end ] --START--
INFO: Run Behavior\ShowPageTraceBehavior [ RunTime:0.010000s ]
INFO: [ app_end ] --END-- [ RunTime:0.010000s ]

[ 2016-03-10T10:13:57+08:00 ] 10.10.24.237 /sae/index.php/Home/Wechat/index?signature=687613b0943fad2e7bcab29ed8105ec6355eeb93&timestamp=1457576078&nonce=633495210
INFO: [ app_init ] --START--
INFO: Run Behavior\BuildLiteBehavior [ RunTime:0.000000s ]
INFO: [ app_init ] --END-- [ RunTime:0.000000s ]
INFO: [ app_begin ] --START--
INFO: Run Behavior\ReadHtmlCacheBehavior [ RunTime:0.000000s ]
INFO: [ app_begin ] --END-- [ RunTime:0.000000s ]
INFO: [ app_end ] --START--
INFO: Run Behavior\ShowPageTraceBehavior [ RunTime:0.000000s ]
INFO: [ app_end ] --END-- [ RunTime:0.000000s ]

[ 2016-03-10T10:14:54+08:00 ] 10.10.24.237 /sae/index.php/Home/Wechat/index?signature=b161bea8453dd63826d2b169b7eceed14bde6a15&timestamp=1457576135&nonce=163403224
INFO: [ app_init ] --START--
INFO: Run Behavior\BuildLiteBehavior [ RunTime:0.000000s ]
INFO: [ app_init ] --END-- [ RunTime:0.000000s ]
INFO: [ app_begin ] --START--
INFO: Run Behavior\ReadHtmlCacheBehavior [ RunTime:0.000000s ]
INFO: [ app_begin ] --END-- [ RunTime:0.000000s ]
INFO: [ app_end ] --START--
INFO: Run Behavior\ShowPageTraceBehavior [ RunTime:0.000000s ]
INFO: [ app_end ] --END-- [ RunTime:0.000000s ]

[ 2016-03-10T10:15:30+08:00 ] ::1 /sae/index.php/Home/Wechat/index?signature=c1c0
INFO: [ app_init ] --START--
INFO: Run Behavior\BuildLiteBehavior [ RunTime:0.000000s ]
INFO: [ app_init ] --END-- [ RunTime:0.000000s ]
INFO: [ app_begin ] --START--
INFO: Run Behavior\ReadHtmlCacheBehavior [ RunTime:0.000000s ]
INFO: [ app_begin ] --END-- [ RunTime:0.000000s ]
NOTIC: [8] Undefined index: HTTP_RAW_POST_DATA E:\PhpstormProjects\sae\Home\Controller\WechatController.class.php 第 23 行.
INFO: [ app_end ] --START--
INFO: Run Behavior\ShowPageTraceBehavior [ RunTime:0.000000s ]
INFO: [ app_end ] --END-- [ RunTime:0.000000s ]

[ 2016-03-10T10:15:31+08:00 ] ::1 /sae/index.php/Home/Wechat/index?signature=c1c0
INFO: [ app_init ] --START--
INFO: Run Behavior\BuildLiteBehavior [ RunTime:0.000000s ]
INFO: [ app_init ] --END-- [ RunTime:0.000000s ]
INFO: [ app_begin ] --START--
INFO: Run Behavior\ReadHtmlCacheBehavior [ RunTime:0.000000s ]
INFO: [ app_begin ] --END-- [ RunTime:0.000000s ]
NOTIC: [8] Undefined index: HTTP_RAW_POST_DATA E:\PhpstormProjects\sae\Home\Controller\WechatController.class.php 第 23 行.
INFO: [ app_end ] --START--
INFO: Run Behavior\ShowPageTraceBehavior [ RunTime:0.000000s ]
INFO: [ app_end ] --END-- [ RunTime:0.010000s ]

[ 2016-03-10T10:20:26+08:00 ] 10.10.24.237 /sae/index.php/Home/Wechat/index?signature=f605f04e1e72d48082a5af898a5c47758eb1066a&timestamp=1457576466&nonce=1866853535
INFO: [ app_init ] --START--
INFO: Run Behavior\BuildLiteBehavior [ RunTime:0.000000s ]
INFO: [ app_init ] --END-- [ RunTime:0.000000s ]
INFO: [ app_begin ] --START--
INFO: Run Behavior\ReadHtmlCacheBehavior [ RunTime:0.001000s ]
INFO: [ app_begin ] --END-- [ RunTime:0.001000s ]
INFO: [ app_end ] --START--
INFO: Run Behavior\ShowPageTraceBehavior [ RunTime:0.001000s ]
INFO: [ app_end ] --END-- [ RunTime:0.001000s ]

[ 2016-03-10T10:20:29+08:00 ] 10.10.24.237 /sae/index.php/Home/Wechat/index?signature=e417ac3286f280765248bbf127a11cbaf05a1e44&timestamp=1457576470&nonce=720419486
INFO: [ app_init ] --START--
INFO: Run Behavior\BuildLiteBehavior [ RunTime:0.000000s ]
INFO: [ app_init ] --END-- [ RunTime:0.000000s ]
INFO: [ app_begin ] --START--
INFO: Run Behavior\ReadHtmlCacheBehavior [ RunTime:0.000000s ]
INFO: [ app_begin ] --END-- [ RunTime:0.000000s ]
INFO: [ app_end ] --START--
INFO: Run Behavior\ShowPageTraceBehavior [ RunTime:0.010000s ]
INFO: [ app_end ] --END-- [ RunTime:0.010000s ]

[ 2016-03-10T10:20:51+08:00 ] 10.10.24.237 /sae/index.php/Home/Wechat/index?signature=b1e157b14f625baf92ba7ec91ddc972d619c5e84&timestamp=1457576491&nonce=48945538
INFO: [ app_init ] --START--
INFO: Run Behavior\BuildLiteBehavior [ RunTime:0.000000s ]
INFO: [ app_init ] --END-- [ RunTime:0.000000s ]
INFO: [ app_begin ] --START--
INFO: Run Behavior\ReadHtmlCacheBehavior [ RunTime:0.000000s ]
INFO: [ app_begin ] --END-- [ RunTime:0.000000s ]
INFO: [ app_end ] --START--
INFO: Run Behavior\ShowPageTraceBehavior [ RunTime:0.000000s ]
INFO: [ app_end ] --END-- [ RunTime:0.000000s ]

[ 2016-03-10T10:20:54+08:00 ] 10.10.24.237 /sae/index.php/Home/Wechat/index?signature=2d6c201e1117e07f7da92aa7c8e78dd525ea2a52&timestamp=1457576494&nonce=968233145
INFO: [ app_init ] --START--
INFO: Run Behavior\BuildLiteBehavior [ RunTime:0.000000s ]
INFO: [ app_init ] --END-- [ RunTime:0.010000s ]
INFO: [ app_begin ] --START--
INFO: Run Behavior\ReadHtmlCacheBehavior [ RunTime:0.000000s ]
INFO: [ app_begin ] --END-- [ RunTime:0.000000s ]
INFO: [ app_end ] --START--
INFO: Run Behavior\ShowPageTraceBehavior [ RunTime:0.000000s ]
INFO: [ app_end ] --END-- [ RunTime:0.000000s ]

[ 2016-03-10T10:23:07+08:00 ] 10.10.24.237 /sae/index.php/Home/Wechat/index?signature=2b9c4368f237540a4a73f22b8fe8eb7c5a2c138a&timestamp=1457576628&nonce=1281615848
INFO: [ app_init ] --START--
INFO: Run Behavior\BuildLiteBehavior [ RunTime:0.000000s ]
INFO: [ app_init ] --END-- [ RunTime:0.000000s ]
INFO: [ app_begin ] --START--
INFO: Run Behavior\ReadHtmlCacheBehavior [ RunTime:0.000000s ]
INFO: [ app_begin ] --END-- [ RunTime:0.000000s ]
INFO: [ app_end ] --START--
INFO: Run Behavior\ShowPageTraceBehavior [ RunTime:0.000000s ]
INFO: [ app_end ] --END-- [ RunTime:0.000000s ]

[ 2016-03-10T10:24:31+08:00 ] 10.10.24.237 /sae/index.php/Home/Wechat/index?signature=33e3f4383caa5af6437ead0bbc621692ae42dc86&timestamp=1457576711&nonce=241376024
INFO: [ app_init ] --START--
INFO: Run Behavior\BuildLiteBehavior [ RunTime:0.000000s ]
INFO: [ app_init ] --END-- [ RunTime:0.000000s ]
INFO: [ app_begin ] --START--
INFO: Run Behavior\ReadHtmlCacheBehavior [ RunTime:0.000000s ]
INFO: [ app_begin ] --END-- [ RunTime:0.000000s ]
INFO: [ app_end ] --START--
INFO: Run Behavior\ShowPageTraceBehavior [ RunTime:0.000000s ]
INFO: [ app_end ] --END-- [ RunTime:0.000000s ]

[ 2016-03-10T10:28:28+08:00 ] 10.10.24.237 /sae/index.php/Home/Wechat/index?signature=f956d08506fad4a4c6696485d09c5d234b41c337&timestamp=1457576948&nonce=1344021243
INFO: [ app_init ] --START--
INFO: Run Behavior\BuildLiteBehavior [ RunTime:0.000000s ]
INFO: [ app_init ] --END-- [ RunTime:0.001000s ]
INFO: [ app_begin ] --START--
INFO: Run Behavior\ReadHtmlCacheBehavior [ RunTime:0.001000s ]
INFO: [ app_begin ] --END-- [ RunTime:0.001000s ]
INFO: [ app_end ] --START--
INFO: Run Behavior\ShowPageTraceBehavior [ RunTime:0.001001s ]
INFO: [ app_end ] --END-- [ RunTime:0.001001s ]

[ 2016-03-10T10:29:08+08:00 ] 10.10.24.237 /sae/index.php/Home/Wechat/index?signature=94cb55c280d7a03897818b1a16d4fc490b05654b&timestamp=1457576989&nonce=167175946
INFO: [ app_init ] --START--
INFO: Run Behavior\BuildLiteBehavior [ RunTime:0.000000s ]
INFO: [ app_init ] --END-- [ RunTime:0.000000s ]
INFO: [ app_begin ] --START--
INFO: Run Behavior\ReadHtmlCacheBehavior [ RunTime:0.001000s ]
INFO: [ app_begin ] --END-- [ RunTime:0.001000s ]
INFO: [ app_end ] --START--
INFO: Run Behavior\ShowPageTraceBehavior [ RunTime:0.001000s ]
INFO: [ app_end ] --END-- [ RunTime:0.001000s ]

[ 2016-03-10T10:29:49+08:00 ] 10.10.24.237 /sae/index.php/Home/Wechat/index?signature=5cee80509f44f59c559a8309bb8089e93145985d&timestamp=1457577029&nonce=788188573
INFO: [ app_init ] --START--
INFO: Run Behavior\BuildLiteBehavior [ RunTime:0.000000s ]
INFO: [ app_init ] --END-- [ RunTime:0.000000s ]
INFO: [ app_begin ] --START--
INFO: Run Behavior\ReadHtmlCacheBehavior [ RunTime:0.000000s ]
INFO: [ app_begin ] --END-- [ RunTime:0.000000s ]
INFO: [ app_end ] --START--
INFO: Run Behavior\ShowPageTraceBehavior [ RunTime:0.000000s ]
INFO: [ app_end ] --END-- [ RunTime:0.000000s ]

[ 2016-03-10T10:29:54+08:00 ] 10.10.24.237 /sae/index.php/Home/Wechat/index?signature=d5f158f38ee9573679db3bbd5bc18056820f05e4&timestamp=1457577034&nonce=1048839814
INFO: [ app_init ] --START--
INFO: Run Behavior\BuildLiteBehavior [ RunTime:0.000000s ]
INFO: [ app_init ] --END-- [ RunTime:0.000000s ]
INFO: [ app_begin ] --START--
INFO: Run Behavior\ReadHtmlCacheBehavior [ RunTime:0.000000s ]
INFO: [ app_begin ] --END-- [ RunTime:0.000000s ]
INFO: [ app_end ] --START--
INFO: Run Behavior\ShowPageTraceBehavior [ RunTime:0.010000s ]
INFO: [ app_end ] --END-- [ RunTime:0.010000s ]

[ 2016-03-10T10:30:15+08:00 ] 10.10.24.237 /sae/index.php/Home/Wechat/index?signature=ba78030df4d906b52daee1e4115d3e62f3039fc1&timestamp=1457577055&nonce=1026260528
INFO: [ app_init ] --START--
INFO: Run Behavior\BuildLiteBehavior [ RunTime:0.000000s ]
INFO: [ app_init ] --END-- [ RunTime:0.000000s ]
INFO: [ app_begin ] --START--
INFO: Run Behavior\ReadHtmlCacheBehavior [ RunTime:0.000000s ]
INFO: [ app_begin ] --END-- [ RunTime:0.000000s ]
INFO: [ app_end ] --START--
INFO: Run Behavior\ShowPageTraceBehavior [ RunTime:0.000000s ]
INFO: [ app_end ] --END-- [ RunTime:0.000000s ]

[ 2016-03-10T10:31:08+08:00 ] 10.10.24.237 /sae/index.php/Home/Wechat/index?signature=4ae835890242cc95dbace67717f3c58b8bbb10d0&timestamp=1457577109&nonce=1751398014
INFO: [ app_init ] --START--
INFO: Run Behavior\BuildLiteBehavior [ RunTime:0.000000s ]
INFO: [ app_init ] --END-- [ RunTime:0.000000s ]
INFO: [ app_begin ] --START--
INFO: Run Behavior\ReadHtmlCacheBehavior [ RunTime:0.000000s ]
INFO: [ app_begin ] --END-- [ RunTime:0.000000s ]
INFO: [ app_end ] --START--
INFO: Run Behavior\ShowPageTraceBehavior [ RunTime:0.000000s ]
INFO: [ app_end ] --END-- [ RunTime:0.000000s ]

[ 2016-03-10T10:31:55+08:00 ] 10.10.24.237 /sae/index.php/Home/Wechat/index?signature=6a1f322e5d7bbd3b55df566748a14267bc2a0bd4&timestamp=1457577155&nonce=560438236
INFO: [ app_init ] --START--
INFO: Run Behavior\BuildLiteBehavior [ RunTime:0.000000s ]
INFO: [ app_init ] --END-- [ RunTime:0.000000s ]
INFO: [ app_begin ] --START--
INFO: Run Behavior\ReadHtmlCacheBehavior [ RunTime:0.000000s ]
INFO: [ app_begin ] --END-- [ RunTime:0.000000s ]

[ 2016-03-10T10:32:27+08:00 ] 10.10.24.237 /sae/index.php/Home/Wechat/index?signature=71eb02cf4b8b2df1565dcd21ab7b8596bfe2a839&timestamp=1457577187&nonce=239652444
INFO: [ app_init ] --START--
INFO: Run Behavior\BuildLiteBehavior [ RunTime:0.000000s ]
INFO: [ app_init ] --END-- [ RunTime:0.000000s ]
INFO: [ app_begin ] --START--
INFO: Run Behavior\ReadHtmlCacheBehavior [ RunTime:0.000000s ]
INFO: [ app_begin ] --END-- [ RunTime:0.000000s ]

[ 2016-03-10T10:35:01+08:00 ] 10.10.24.237 /sae/index.php/Home/Wechat/index?signature=2918c9d39d360a7a5d90609a7d2e99810575636e&timestamp=1457577341&nonce=46551464
INFO: [ app_init ] --START--
INFO: Run Behavior\BuildLiteBehavior [ RunTime:0.000000s ]
INFO: [ app_init ] --END-- [ RunTime:0.001000s ]
INFO: [ app_begin ] --START--
INFO: Run Behavior\ReadHtmlCacheBehavior [ RunTime:0.001000s ]
INFO: [ app_begin ] --END-- [ RunTime:0.001000s ]

[ 2016-03-10T10:36:47+08:00 ] 10.10.24.237 /sae/index.php/Home/Wechat/index?signature=7cdbf11324e667a377e9e4056bad47d109e59068&timestamp=1457577447&nonce=1883205808
INFO: [ app_init ] --START--
INFO: Run Behavior\BuildLiteBehavior [ RunTime:0.000000s ]
INFO: [ app_init ] --END-- [ RunTime:0.000000s ]
INFO: [ app_begin ] --START--
INFO: Run Behavior\ReadHtmlCacheBehavior [ RunTime:0.000000s ]
INFO: [ app_begin ] --END-- [ RunTime:0.000000s ]

[ 2016-03-10T10:36:54+08:00 ] 10.10.24.237 /sae/index.php/Home/Wechat/index?signature=f5258d9e8b3b0d027d615463a3ceec8ec4ccadb9&timestamp=1457577455&nonce=654277104
INFO: [ app_init ] --START--
INFO: Run Behavior\BuildLiteBehavior [ RunTime:0.000000s ]
INFO: [ app_init ] --END-- [ RunTime:0.000000s ]
INFO: [ app_begin ] --START--
INFO: Run Behavior\ReadHtmlCacheBehavior [ RunTime:0.000000s ]
INFO: [ app_begin ] --END-- [ RunTime:0.000000s ]

